<?xml version="1.0" encoding="UTF-8"?>
<testng-results ignored="0" total="1" passed="1" failed="0" skipped="0">
  <reporter-output>
  </reporter-output>
  <suite started-at="2023-09-25T18:25:54 EDT" name="Suite" finished-at="2023-09-25T18:26:04 EDT" duration-ms="9774">
    <groups>
    </groups>
    <test started-at="2023-09-25T18:25:54 EDT" name="Test" finished-at="2023-09-25T18:26:04 EDT" duration-ms="9774">
      <class name="demoTest1.CreateAccount">
        <test-method signature="accessWebsite()[pri:0, instance:demoTest1.CreateAccount@7f4d9395]" started-at="2023-09-25T18:25:54 EDT" name="accessWebsite" finished-at="2023-09-25T18:26:04 EDT" duration-ms="9738" status="PASS">
          <reporter-output>
          </reporter-output>
        </test-method> <!-- accessWebsite -->
      </class> <!-- demoTest1.CreateAccount -->
    </test> <!-- Test -->
  </suite> <!-- Suite -->
</testng-results>
